<?xml version="1.0" encoding="utf-8"?><testsuites name="pytest tests"><testsuite name="pytest" errors="0" failures="0" skipped="0" tests="34" time="0.072" timestamp="2026-08-13T19:12:59.619959+01:00" hostname="Ryans-MacBook-Air-1570.local"><testcase classname="tests.test_cache" name="test_lru_eviction_and_hit" time="0.000" /><testcase classname="tests.test_cache" name="test_hierarchy_promotes_l2_hit_to_l1" time="0.000" /><testcase classname="tests.test_champsim_integration" name="test_native_champsim_record_is_64_bytes" time="0.003" /><testcase classname="tests.test_champsim_integration" name="test_wam_h16_source_has_fixed_budget_and_delayed_training_contract" time="0.001" /><testcase classname="tests.test_champsim_integration" name="test_champsim_smoke_results_are_explicitly_non_paper_quality" time="0.001" /><testcase classname="tests.test_hardware" name="test_lookup_latency_is_separate_from_zero_cost_prediction" time="0.001" /><testcase classname="tests.test_hardware" name="test_deferred_batched_updates_reduce_update_overhead" time="0.001" /><testcase classname="tests.test_hardware" name="test_hashed_context_reports_collisions_and_quantized_storage" time="0.000" /><testcase classname="tests.test_horizon" name="test_direct_horizon_uses_only_training_prefix" time="0.000" /><testcase classname="tests.test_horizon" name="test_oracle_horizon_is_perfect_on_future_targets" time="0.000" /><testcase classname="tests.test_horizon" name="test_partial_latency_hiding_is_measured" time="0.000" /><testcase classname="tests.test_hybrid_analysis" name="test_phase_sampling_covers_early_middle_and_late_windows" time="0.000" /><testcase classname="tests.test_hybrid_analysis" name="test_confidence_selector_uses_only_start_confidence" time="0.000" /><testcase classname="tests.test_hybrid_analysis" name="test_window_oracle_selects_lower_cycle_predictor" time="0.000" /><testcase classname="tests.test_predictor" name="test_weighted_predictor_returns_ranked_predictions" time="0.000" /><testcase classname="tests.test_predictor" name="test_markov_and_next_line_baselines" time="0.000" /><testcase classname="tests.test_real_trace" name="test_external_trace_converter_keeps_explicit_data_addresses" time="0.001" /><testcase classname="tests.test_real_trace" name="test_real_trace_discovery_and_categories" time="0.001" /><testcase classname="tests.test_real_trace" name="test_strong_temporal_baseline_families_share_the_predictor_interface" time="0.001" /><testcase classname="tests.test_research_features" name="test_l3_hit_is_distinguished_from_dram" time="0.000" /><testcase classname="tests.test_research_features" name="test_trace_loader_streams_hex_integer_and_comments" time="0.000" /><testcase classname="tests.test_research_features" name="test_stride_requires_stable_confidence" time="0.000" /><testcase classname="tests.test_research_features" name="test_outstanding_prefetch_can_arrive_late" time="0.000" /><testcase classname="tests.test_research_features" name="test_train_test_evaluation_preserves_frozen_predictor_state" time="0.000" /><testcase classname="tests.test_research_features" name="test_depth_two_must_beat_depth_one_on_contextual_branching" time="0.000" /><testcase classname="tests.test_research_features" name="test_depth_four_must_beat_depth_three_on_longer_context" time="0.003" /><testcase classname="tests.test_research_features" name="test_deep_context_diagnostics_report_exact_and_fallback_matches" time="0.000" /><testcase classname="tests.test_simulator" name="test_baseline_and_prefetch_metrics_are_deterministic" time="0.000" /><testcase classname="tests.test_simulator" name="test_contextual_traces_reward_deeper_predictor" time="0.001" /><testcase classname="tests.test_simulator" name="test_random_workload_can_issue_no_or_few_prefetches_with_threshold" time="0.000" /><testcase classname="tests.test_trie" name="test_frequency_weights_and_ranking" time="0.000" /><testcase classname="tests.test_trie" name="test_ema_responds_to_recent_transition" time="0.000" /><testcase classname="tests.test_trie" name="test_context_depth_disambiguates_same_last_address" time="0.000" /><testcase classname="tests.test_trie" name="test_threshold_and_storage_stats" time="0.000" /></testsuite></testsuites>