<?xml version="1.0" encoding="utf-8"?><testsuites name="pytest tests"><testsuite name="pytest" errors="0" failures="0" skipped="0" tests="11" time="0.032" timestamp="2026-08-13T02:54:12.495986+01:00" hostname="Ryans-MacBook-Air-1570.local"><testcase classname="tests.test_cache" name="test_lru_eviction_and_hit" time="0.001" /><testcase classname="tests.test_cache" name="test_hierarchy_promotes_l2_hit_to_l1" time="0.000" /><testcase classname="tests.test_predictor" name="test_weighted_predictor_returns_ranked_predictions" time="0.000" /><testcase classname="tests.test_predictor" name="test_markov_and_next_line_baselines" time="0.000" /><testcase classname="tests.test_simulator" name="test_baseline_and_prefetch_metrics_are_deterministic" time="0.000" /><testcase classname="tests.test_simulator" name="test_contextual_traces_reward_deeper_predictor" time="0.004" /><testcase classname="tests.test_simulator" name="test_random_workload_can_issue_no_or_few_prefetches_with_threshold" time="0.001" /><testcase classname="tests.test_trie" name="test_frequency_weights_and_ranking" time="0.000" /><testcase classname="tests.test_trie" name="test_ema_responds_to_recent_transition" time="0.000" /><testcase classname="tests.test_trie" name="test_context_depth_disambiguates_same_last_address" time="0.001" /><testcase classname="tests.test_trie" name="test_threshold_and_storage_stats" time="0.000" /></testsuite></testsuites>